Thu Feb 04 11:16:58 CET 2021 : Apache Derby Network Server - 10.13.1.1 - (Unversioned directory) démarré et prêt à accepter les connexions sur le port 1527
----------------------------------------------------------------
Thu Feb 04 11:16:58 CET 2021:
Amorçage de Derby version The Apache Software Foundation - Apache Derby - 10.13.1.1 - (Unversioned directory) : instance a816c00e-0177-6c8b-81ed-ffffe704c3f1 
dans le répertoire de base de données C:\Users\AntonyLaget\OneDrive - MIAGE\Miage\M1\S8\Application d'Entreprise\TP\MIAGEBank\MIAGEBank-database\MIAGEBank avec le chargeur de classe sun.misc.Launcher$AppClassLoader@1d44bcfa
Chargé de file:/C:/Program%20Files/NetBeans%208.2/glassfish5/javadb/lib/derby.jar
java.vendor=Oracle Corporation
java.runtime.version=1.8.0_241-b07
user.dir=C:\Program Files\NetBeans 8.2\glassfish5\javadb
os.name=Windows 10
os.arch=amd64
os.version=10.0
derby.system.home=C:\Users\AntonyLaget\OneDrive - MIAGE\Miage\M1\S8\Application d'Entreprise\TP\MIAGEBank\MIAGEBank-database
Chargeur de classe de la base de données démarré - derby.database.classpath = ''
----------------------------------------------------------------
Thu Feb 04 11:17:00 CET 2021:
Fermeture de l'instance a816c00e-0177-6c8b-81ed-ffffe704c3f1 sur le répertoire de base de données C:\Users\AntonyLaget\OneDrive - MIAGE\Miage\M1\S8\Application d'Entreprise\TP\MIAGEBank\MIAGEBank-database\MIAGEBank avec le chargeur de classe sun.misc.Launcher$AppClassLoader@1d44bcfa 
Thu Feb 04 11:17:00 CET 2021 Thread[DRDAConnThread_2,5,main] (DATABASE = MIAGEBank), (DRDAID = {2}), Arrêt de la base de données 'MIAGEBank'.
----------------------------------------------------------------
Thu Feb 04 11:32:35 CET 2021:
Amorçage de Derby version The Apache Software Foundation - Apache Derby - 10.13.1.1 - (Unversioned directory) : instance 6ede40af-0177-6c8b-81ed-ffffe704c3f1 
dans le répertoire de base de données C:\Users\AntonyLaget\OneDrive - MIAGE\Miage\M1\S8\Application d'Entreprise\TP\MIAGEBank\MIAGEBank-database\MIAGEBank avec le chargeur de classe sun.misc.Launcher$AppClassLoader@1d44bcfa
Chargé de file:/C:/Program%20Files/NetBeans%208.2/glassfish5/javadb/lib/derby.jar
java.vendor=Oracle Corporation
java.runtime.version=1.8.0_241-b07
user.dir=C:\Program Files\NetBeans 8.2\glassfish5\javadb
os.name=Windows 10
os.arch=amd64
os.version=10.0
derby.system.home=C:\Users\AntonyLaget\OneDrive - MIAGE\Miage\M1\S8\Application d'Entreprise\TP\MIAGEBank\MIAGEBank-database
Chargeur de classe de la base de données démarré - derby.database.classpath = ''
----------------------------------------------------------------
Fri Feb 05 14:03:53 CET 2021 : fermeture du moteur Derby
----------------------------------------------------------------
Fri Feb 05 14:03:53 CET 2021:
Fermeture de l'instance 6ede40af-0177-6c8b-81ed-ffffe704c3f1 sur le répertoire de base de données C:\Users\AntonyLaget\OneDrive - MIAGE\Miage\M1\S8\Application d'Entreprise\TP\MIAGEBank\MIAGEBank-database\MIAGEBank avec le chargeur de classe sun.misc.Launcher$AppClassLoader@1d44bcfa 
----------------------------------------------------------------
